<?xml version="1.0" encoding="UTF-8"?>
<!-- Generated by org.testng.reporters.JUnitReportReporter -->
<testsuite hostname="DESKTOP-I9O6J79" failures="0" tests="1" name="com.POMDemo.utils.loginTest" time="7.180" errors="0" timestamp="20 Sep. 2020 19:20:58 GMT" skipped="0">
  <testcase classname="com.POMDemo.utils.loginTest" name="testLoginToApplication" time="7.180"/>
</testsuite> <!-- com.POMDemo.utils.loginTest -->
