<?xml version="1.0" encoding="UTF-8"?>
<!-- Generated by org.testng.reporters.JUnitReportReporter -->
<testsuite hostname="LNAR-PC073LMQ" failures="0" tests="1" name="com.POMDemo.testScripts.loginTest" time="5.999" errors="0" timestamp="15 Jun 2019 07:15:26 GMT" skipped="0">
  <testcase classname="com.POMDemo.testScripts.loginTest" name="testLoginToApplication" time="5.999"/>
</testsuite> <!-- com.POMDemo.testScripts.loginTest -->
